[ 2024-09-04 16:04:38,914 ] 161 numexpr.utils - INFO - NumExpr defaulting to 8 threads.
[ 2024-09-04 16:04:39,773 ] 12 root - INFO - Training has Started
[ 2024-09-04 16:04:39,773 ] 47 root - INFO - Start the Data Ingestion
[ 2024-09-04 16:04:41,869 ] 73 root - INFO - Performed Train test split on Dataframe
[ 2024-09-04 16:04:41,869 ] 75 root - INFO - Done train test split on Dataframe
[ 2024-09-04 16:04:41,901 ] 90 root - INFO - Exporting train and test file path
[ 2024-09-04 16:04:41,901 ] 50 root - INFO - Data Ingestion Completed and artifact :DataIngestionArtifact(trained_file_path='Artifacts/09_04_2024_16_04_39/NetworkData/ingested/train.csv', test_file_path='Artifacts/09_04_2024_16_04_39/NetworkData/ingested/test.csv')
[ 2024-09-04 16:04:41,913 ] 29 root - INFO - Required number of Columns:31
[ 2024-09-04 16:04:41,914 ] 30 root - INFO - Dataframe has columns:31
[ 2024-09-04 16:04:41,997 ] 141 root - INFO - Data Validation Artifact:DataValidationArtifact(validation_status=True, valid_train_file_path='Artifacts/09_04_2024_16_04_39/NetworkData/ingested/train.csv', valid_test_file_path='Artifacts/09_04_2024_16_04_39/NetworkData/ingested/test.csv', invalid_train_file_path=None, invalid_test_file_path=None, drift_report_file_path='Artifacts/09_04_2024_16_04_39/data_validation/drift_report/report.yaml')
[ 2024-09-04 16:04:41,997 ] 61 root - INFO - Data Validation Completed and artifact :DataValidationArtifact(validation_status=True, valid_train_file_path='Artifacts/09_04_2024_16_04_39/NetworkData/ingested/train.csv', valid_test_file_path='Artifacts/09_04_2024_16_04_39/NetworkData/ingested/test.csv', invalid_train_file_path=None, invalid_test_file_path=None, drift_report_file_path='Artifacts/09_04_2024_16_04_39/data_validation/drift_report/report.yaml')
[ 2024-09-04 16:04:41,997 ] 82 root - INFO - Entered initiate_data_transformation method of Datatransformation class
[ 2024-09-04 16:04:41,997 ] 84 root - INFO - Started Data Transformation
[ 2024-09-04 16:04:42,006 ] 66 root - INFO - Initialize KNNImputer with {'missing_values': nan, 'n_neighbors': 3, 'weights': 'uniform'}
[ 2024-09-04 16:04:42,006 ] 72 root - INFO - Exited get_data_transformer object method of DataTransformation class
[ 2024-09-04 16:04:42,006 ] 91 root - INFO - Got the Preprocessor object
[ 2024-09-04 16:04:42,014 ] 62 root - INFO - Entered the save_object method of MainUtils class
[ 2024-09-04 16:04:42,018 ] 66 root - INFO - Exited the save_object method of MainUtils class
[ 2024-09-04 16:04:42,018 ] 126 root - INFO - Data transformation artifact:DataTransformationArtifact(transformed_object_file_path='Artifacts/09_04_2024_16_04_39/data_transformation/transformed_object/preprocessing.pkl', transformed_train_file_path='Artifacts/09_04_2024_16_04_39/data_transformation/transformed/train.npy', transformed_test_file_path='Artifacts/09_04_2024_16_04_39/data_transformation/transformed/test.npy')
[ 2024-09-04 16:04:42,132 ] 62 root - INFO - Entered the save_object method of MainUtils class
[ 2024-09-04 16:04:42,136 ] 66 root - INFO - Exited the save_object method of MainUtils class
[ 2024-09-04 16:04:42,136 ] 76 root - INFO - Model Trainer artifact:ModelTrainerArtifact(trained_model_file_path='Artifacts/09_04_2024_16_04_39/model_trainer/trained_model/model.pkl', train_metric_artifact=ClassificationMetricArtifact(f1_score=0.9873494585568262, precision_score=0.9838644614764018, recall_score=0.9908592321755028), test_metric_artifact=ClassificationMetricArtifact(f1_score=0.9873494585568262, precision_score=0.9838644614764018, recall_score=0.9908592321755028))
[ 2024-09-04 16:04:42,193 ] 102 root - INFO - Model evaluation artifact: ModelEvaluationArtifact(is_model_accepted=False, improved_accuracy=-0.0011843500293320375, best_model_path='saved_models/1725445944/model.pkl', trained_model_path='Artifacts/09_04_2024_16_04_39/model_trainer/trained_model/model.pkl', train_model_metric_artifact=ClassificationMetricArtifact(f1_score=0.9841192675417274, precision_score=0.9818916734033953, recall_score=0.9863569920415787), best_model_metric_artifact=ClassificationMetricArtifact(f1_score=0.9853036175710594, precision_score=0.9797655371768107, recall_score=0.9909046613610525))
