[ 2024-09-04 16:15:10,008 ] 161 numexpr.utils - INFO - NumExpr defaulting to 8 threads.
[ 2024-09-04 16:15:10,805 ] 12 root - INFO - Training has Started
[ 2024-09-04 16:15:10,805 ] 47 root - INFO - Start the Data Ingestion
[ 2024-09-04 16:15:12,525 ] 73 root - INFO - Performed Train test split on Dataframe
[ 2024-09-04 16:15:12,526 ] 75 root - INFO - Done train test split on Dataframe
[ 2024-09-04 16:15:12,585 ] 90 root - INFO - Exporting train and test file path
[ 2024-09-04 16:15:12,586 ] 50 root - INFO - Data Ingestion Completed and artifact :DataIngestionArtifact(trained_file_path='Artifacts/09_04_2024_16_15_10/NetworkData/ingested/train.csv', test_file_path='Artifacts/09_04_2024_16_15_10/NetworkData/ingested/test.csv')
[ 2024-09-04 16:15:12,601 ] 29 root - INFO - Required number of Columns:31
[ 2024-09-04 16:15:12,601 ] 30 root - INFO - Dataframe has columns:31
[ 2024-09-04 16:15:12,692 ] 141 root - INFO - Data Validation Artifact:DataValidationArtifact(validation_status=True, valid_train_file_path='Artifacts/09_04_2024_16_15_10/NetworkData/ingested/train.csv', valid_test_file_path='Artifacts/09_04_2024_16_15_10/NetworkData/ingested/test.csv', invalid_train_file_path=None, invalid_test_file_path=None, drift_report_file_path='Artifacts/09_04_2024_16_15_10/data_validation/drift_report/report.yaml')
[ 2024-09-04 16:15:12,692 ] 61 root - INFO - Data Validation Completed and artifact :DataValidationArtifact(validation_status=True, valid_train_file_path='Artifacts/09_04_2024_16_15_10/NetworkData/ingested/train.csv', valid_test_file_path='Artifacts/09_04_2024_16_15_10/NetworkData/ingested/test.csv', invalid_train_file_path=None, invalid_test_file_path=None, drift_report_file_path='Artifacts/09_04_2024_16_15_10/data_validation/drift_report/report.yaml')
[ 2024-09-04 16:15:12,692 ] 82 root - INFO - Entered initiate_data_transformation method of Datatransformation class
[ 2024-09-04 16:15:12,692 ] 84 root - INFO - Started Data Transformation
[ 2024-09-04 16:15:12,701 ] 66 root - INFO - Initialize KNNImputer with {'missing_values': nan, 'n_neighbors': 3, 'weights': 'uniform'}
[ 2024-09-04 16:15:12,701 ] 72 root - INFO - Exited get_data_transformer object method of DataTransformation class
[ 2024-09-04 16:15:12,701 ] 91 root - INFO - Got the Preprocessor object
[ 2024-09-04 16:15:12,711 ] 62 root - INFO - Entered the save_object method of MainUtils class
[ 2024-09-04 16:15:12,712 ] 66 root - INFO - Exited the save_object method of MainUtils class
[ 2024-09-04 16:15:12,712 ] 126 root - INFO - Data transformation artifact:DataTransformationArtifact(transformed_object_file_path='Artifacts/09_04_2024_16_15_10/data_transformation/transformed_object/preprocessing.pkl', transformed_train_file_path='Artifacts/09_04_2024_16_15_10/data_transformation/transformed/train.npy', transformed_test_file_path='Artifacts/09_04_2024_16_15_10/data_transformation/transformed/test.npy')
[ 2024-09-04 16:15:12,817 ] 62 root - INFO - Entered the save_object method of MainUtils class
[ 2024-09-04 16:15:12,820 ] 66 root - INFO - Exited the save_object method of MainUtils class
[ 2024-09-04 16:15:12,820 ] 76 root - INFO - Model Trainer artifact:ModelTrainerArtifact(trained_model_file_path='Artifacts/09_04_2024_16_15_10/model_trainer/trained_model/model.pkl', train_metric_artifact=ClassificationMetricArtifact(f1_score=0.9875920508423283, precision_score=0.9849094567404426, recall_score=0.9902892979971677), test_metric_artifact=ClassificationMetricArtifact(f1_score=0.9875920508423283, precision_score=0.9849094567404426, recall_score=0.9902892979971677))
[ 2024-09-04 16:15:12,889 ] 102 root - INFO - Model evaluation artifact: ModelEvaluationArtifact(is_model_accepted=False, improved_accuracy=0.0013499307979986108, best_model_path='saved_models/1725446546/model.pkl', trained_model_path='Artifacts/09_04_2024_16_15_10/model_trainer/trained_model/model.pkl', train_model_metric_artifact=ClassificationMetricArtifact(f1_score=0.9850068887268012, precision_score=0.9830152054351342, recall_score=0.9870066590872179), best_model_metric_artifact=ClassificationMetricArtifact(f1_score=0.9836569579288026, precision_score=0.9800096727389973, recall_score=0.9873314926100374))
