[ 2024-09-04 16:02:21,294 ] 161 numexpr.utils - INFO - NumExpr defaulting to 8 threads.
[ 2024-09-04 16:02:22,098 ] 12 root - INFO - Training has Started
[ 2024-09-04 16:02:22,098 ] 47 root - INFO - Start the Data Ingestion
[ 2024-09-04 16:02:23,977 ] 73 root - INFO - Performed Train test split on Dataframe
[ 2024-09-04 16:02:23,977 ] 75 root - INFO - Done train test split on Dataframe
[ 2024-09-04 16:02:24,010 ] 90 root - INFO - Exporting train and test file path
[ 2024-09-04 16:02:24,010 ] 50 root - INFO - Data Ingestion Completed and artifact :DataIngestionArtifact(trained_file_path='Artifacts/09_04_2024_16_02_21/NetworkData/ingested/train.csv', test_file_path='Artifacts/09_04_2024_16_02_21/NetworkData/ingested/test.csv')
[ 2024-09-04 16:02:24,023 ] 29 root - INFO - Required number of Columns:31
[ 2024-09-04 16:02:24,023 ] 30 root - INFO - Dataframe has columns:31
[ 2024-09-04 16:02:24,107 ] 141 root - INFO - Data Validation Artifact:DataValidationArtifact(validation_status=True, valid_train_file_path='Artifacts/09_04_2024_16_02_21/NetworkData/ingested/train.csv', valid_test_file_path='Artifacts/09_04_2024_16_02_21/NetworkData/ingested/test.csv', invalid_train_file_path=None, invalid_test_file_path=None, drift_report_file_path='Artifacts/09_04_2024_16_02_21/data_validation/drift_report/report.yaml')
[ 2024-09-04 16:02:24,107 ] 61 root - INFO - Data Validation Completed and artifact :DataValidationArtifact(validation_status=True, valid_train_file_path='Artifacts/09_04_2024_16_02_21/NetworkData/ingested/train.csv', valid_test_file_path='Artifacts/09_04_2024_16_02_21/NetworkData/ingested/test.csv', invalid_train_file_path=None, invalid_test_file_path=None, drift_report_file_path='Artifacts/09_04_2024_16_02_21/data_validation/drift_report/report.yaml')
[ 2024-09-04 16:02:24,107 ] 82 root - INFO - Entered initiate_data_transformation method of Datatransformation class
[ 2024-09-04 16:02:24,107 ] 84 root - INFO - Started Data Transformation
[ 2024-09-04 16:02:24,115 ] 66 root - INFO - Initialize KNNImputer with {'missing_values': nan, 'n_neighbors': 3, 'weights': 'uniform'}
[ 2024-09-04 16:02:24,115 ] 72 root - INFO - Exited get_data_transformer object method of DataTransformation class
[ 2024-09-04 16:02:24,116 ] 91 root - INFO - Got the Preprocessor object
[ 2024-09-04 16:02:24,125 ] 62 root - INFO - Entered the save_object method of MainUtils class
[ 2024-09-04 16:02:24,127 ] 66 root - INFO - Exited the save_object method of MainUtils class
[ 2024-09-04 16:02:24,127 ] 126 root - INFO - Data transformation artifact:DataTransformationArtifact(transformed_object_file_path='Artifacts/09_04_2024_16_02_21/data_transformation/transformed_object/preprocessing.pkl', transformed_train_file_path='Artifacts/09_04_2024_16_02_21/data_transformation/transformed/train.npy', transformed_test_file_path='Artifacts/09_04_2024_16_02_21/data_transformation/transformed/test.npy')
[ 2024-09-04 16:02:24,229 ] 62 root - INFO - Entered the save_object method of MainUtils class
[ 2024-09-04 16:02:24,232 ] 66 root - INFO - Exited the save_object method of MainUtils class
[ 2024-09-04 16:02:24,232 ] 76 root - INFO - Model Trainer artifact:ModelTrainerArtifact(trained_model_file_path='Artifacts/09_04_2024_16_02_21/model_trainer/trained_model/model.pkl', train_metric_artifact=ClassificationMetricArtifact(f1_score=0.9887822132390096, precision_score=0.9837120450432335, recall_score=0.9939049167005283), test_metric_artifact=ClassificationMetricArtifact(f1_score=0.9887822132390096, precision_score=0.9837120450432335, recall_score=0.9939049167005283))
[ 2024-09-04 16:02:24,282 ] 102 root - INFO - Model evaluation artifact: ModelEvaluationArtifact(is_model_accepted=False, improved_accuracy=0.0007479452172145518, best_model_path='saved_models/1725445731/model.pkl', trained_model_path='Artifacts/09_04_2024_16_02_21/model_trainer/trained_model/model.pkl', train_model_metric_artifact=ClassificationMetricArtifact(f1_score=0.9853036175710594, precision_score=0.9797655371768107, recall_score=0.9909046613610525), best_model_metric_artifact=ClassificationMetricArtifact(f1_score=0.9845556723538449, precision_score=0.980354267310789, recall_score=0.9887932434627253))
