[ 2024-08-29 13:15:55,305 ] 161 numexpr.utils - INFO - NumExpr defaulting to 8 threads.
[ 2024-08-29 13:15:56,126 ] 12 root - INFO - Training has Started
[ 2024-08-29 13:15:56,126 ] 41 root - INFO - Start the Data Ingestion
[ 2024-08-29 13:15:58,218 ] 73 root - INFO - Performed Train test split on Dataframe
[ 2024-08-29 13:15:58,218 ] 75 root - INFO - Done train test split on Dataframe
[ 2024-08-29 13:15:58,251 ] 90 root - INFO - Exporting train and test file path
[ 2024-08-29 13:15:58,251 ] 44 root - INFO - Data Ingestion Completed and artifact :DataIngestionArtifact(trained_file_path='Artifacts/08_29_2024_13_15_55/NetworkData/ingested/train.csv', test_file_path='Artifacts/08_29_2024_13_15_55/NetworkData/ingested/test.csv')
[ 2024-08-29 13:15:58,265 ] 29 root - INFO - Required number of Columns:31
[ 2024-08-29 13:15:58,265 ] 30 root - INFO - Dataframe has columns:31
[ 2024-08-29 13:15:58,345 ] 141 root - INFO - Data Validation Artifact:DataValidationArtifact(validation_status=True, valid_train_file_path='Artifacts/08_29_2024_13_15_55/NetworkData/ingested/train.csv', valid_test_file_path='Artifacts/08_29_2024_13_15_55/NetworkData/ingested/test.csv', invalid_train_file_path=None, invalid_test_file_path=None, drift_report_file_path='Artifacts/08_29_2024_13_15_55/data_validation/drift_report/report.yaml')
[ 2024-08-29 13:15:58,345 ] 55 root - INFO - Data Validation Completed and artifact :DataValidationArtifact(validation_status=True, valid_train_file_path='Artifacts/08_29_2024_13_15_55/NetworkData/ingested/train.csv', valid_test_file_path='Artifacts/08_29_2024_13_15_55/NetworkData/ingested/test.csv', invalid_train_file_path=None, invalid_test_file_path=None, drift_report_file_path='Artifacts/08_29_2024_13_15_55/data_validation/drift_report/report.yaml')
[ 2024-08-29 13:15:58,345 ] 82 root - INFO - Entered initiate_data_transformation method of Datatransformation class
[ 2024-08-29 13:15:58,345 ] 84 root - INFO - Started Data Transformation
[ 2024-08-29 13:15:58,355 ] 66 root - INFO - Initialize KNNImputer with {'missing_values': nan, 'n_neighbors': 3, 'weights': 'uniform'}
[ 2024-08-29 13:15:58,355 ] 72 root - INFO - Exited get_data_transformer object method of DataTransformation class
[ 2024-08-29 13:15:58,355 ] 91 root - INFO - Got the Preprocessor object
[ 2024-08-29 13:15:58,367 ] 62 root - INFO - Entered the save_object method of MainUtils class
[ 2024-08-29 13:15:58,369 ] 66 root - INFO - Exited the save_object method of MainUtils class
[ 2024-08-29 13:15:58,369 ] 126 root - INFO - Data transformation artifact:DataTransformationArtifact(transformed_object_file_path='Artifacts/08_29_2024_13_15_55/data_transformation/transformed_object/preprocessing.pkl', transformed_train_file_path='Artifacts/08_29_2024_13_15_55/data_transformation/transformed/train.npy', transformed_test_file_path='Artifacts/08_29_2024_13_15_55/data_transformation/transformed/test.npy')
[ 2024-08-29 13:15:58,501 ] 62 root - INFO - Entered the save_object method of MainUtils class
[ 2024-08-29 13:15:58,504 ] 66 root - INFO - Exited the save_object method of MainUtils class
[ 2024-08-29 13:15:58,504 ] 76 root - INFO - Model Trainer artifact:ModelTrainerArtifact(trained_model_file_path='Artifacts/08_29_2024_13_15_55/model_trainer/trained_model/model.pkl', train_metric_artifact=ClassificationMetricArtifact(f1_score=0.9867663400343469, precision_score=0.9824984912492456, recall_score=0.9910714285714286), test_metric_artifact=ClassificationMetricArtifact(f1_score=0.9867663400343469, precision_score=0.9824984912492456, recall_score=0.9910714285714286))
[ 2024-08-29 13:15:58,517 ] 60 root - INFO - Model evaluation artifact: ModelEvaluationArtifact(is_model_accepted=True, improved_accuracy=None, best_model_path=None, trained_model_path='Artifacts/08_29_2024_13_15_55/model_trainer/trained_model/model.pkl', train_model_metric_artifact=ClassificationMetricArtifact(f1_score=0.9867663400343469, precision_score=0.9824984912492456, recall_score=0.9910714285714286), best_model_metric_artifact=None)
