[ 2024-09-05 12:42:05,626 ] 47 root - INFO - Start the Data Ingestion
[ 2024-09-05 12:42:10,129 ] 73 root - INFO - Performed Train test split on Dataframe
[ 2024-09-05 12:42:10,129 ] 75 root - INFO - Done train test split on Dataframe
[ 2024-09-05 12:42:10,162 ] 90 root - INFO - Exporting train and test file path
[ 2024-09-05 12:42:10,162 ] 50 root - INFO - Data Ingestion Completed and artifact :DataIngestionArtifact(trained_file_path='Artifacts/09_05_2024_12_41_36/NetworkData/ingested/train.csv', test_file_path='Artifacts/09_05_2024_12_41_36/NetworkData/ingested/test.csv')
[ 2024-09-05 12:42:10,175 ] 29 root - INFO - Required number of Columns:31
[ 2024-09-05 12:42:10,175 ] 30 root - INFO - Dataframe has columns:31
[ 2024-09-05 12:42:10,255 ] 141 root - INFO - Data Validation Artifact:DataValidationArtifact(validation_status=True, valid_train_file_path='Artifacts/09_05_2024_12_41_36/NetworkData/ingested/train.csv', valid_test_file_path='Artifacts/09_05_2024_12_41_36/NetworkData/ingested/test.csv', invalid_train_file_path=None, invalid_test_file_path=None, drift_report_file_path='Artifacts/09_05_2024_12_41_36/data_validation/drift_report/report.yaml')
[ 2024-09-05 12:42:10,255 ] 61 root - INFO - Data Validation Completed and artifact :DataValidationArtifact(validation_status=True, valid_train_file_path='Artifacts/09_05_2024_12_41_36/NetworkData/ingested/train.csv', valid_test_file_path='Artifacts/09_05_2024_12_41_36/NetworkData/ingested/test.csv', invalid_train_file_path=None, invalid_test_file_path=None, drift_report_file_path='Artifacts/09_05_2024_12_41_36/data_validation/drift_report/report.yaml')
[ 2024-09-05 12:42:10,255 ] 82 root - INFO - Entered initiate_data_transformation method of Datatransformation class
[ 2024-09-05 12:42:10,255 ] 84 root - INFO - Started Data Transformation
[ 2024-09-05 12:42:10,263 ] 66 root - INFO - Initialize KNNImputer with {'missing_values': nan, 'n_neighbors': 3, 'weights': 'uniform'}
[ 2024-09-05 12:42:10,263 ] 72 root - INFO - Exited get_data_transformer object method of DataTransformation class
[ 2024-09-05 12:42:10,263 ] 91 root - INFO - Got the Preprocessor object
[ 2024-09-05 12:42:10,273 ] 62 root - INFO - Entered the save_object method of MainUtils class
[ 2024-09-05 12:42:10,276 ] 66 root - INFO - Exited the save_object method of MainUtils class
[ 2024-09-05 12:42:10,276 ] 126 root - INFO - Data transformation artifact:DataTransformationArtifact(transformed_object_file_path='Artifacts/09_05_2024_12_41_36/data_transformation/transformed_object/preprocessing.pkl', transformed_train_file_path='Artifacts/09_05_2024_12_41_36/data_transformation/transformed/train.npy', transformed_test_file_path='Artifacts/09_05_2024_12_41_36/data_transformation/transformed/test.npy')
[ 2024-09-05 12:42:10,384 ] 62 root - INFO - Entered the save_object method of MainUtils class
[ 2024-09-05 12:42:10,388 ] 66 root - INFO - Exited the save_object method of MainUtils class
[ 2024-09-05 12:42:10,388 ] 76 root - INFO - Model Trainer artifact:ModelTrainerArtifact(trained_model_file_path='Artifacts/09_05_2024_12_41_36/model_trainer/trained_model/model.pkl', train_metric_artifact=ClassificationMetricArtifact(f1_score=0.9857762534046202, precision_score=0.9825055298612507, recall_score=0.9890688259109311), test_metric_artifact=ClassificationMetricArtifact(f1_score=0.9857762534046202, precision_score=0.9825055298612507, recall_score=0.9890688259109311))
