[ 2024-09-04 15:51:38,266 ] 161 numexpr.utils - INFO - NumExpr defaulting to 8 threads.
[ 2024-09-04 15:51:39,075 ] 12 root - INFO - Training has Started
[ 2024-09-04 15:51:39,075 ] 44 root - INFO - Start the Data Ingestion
[ 2024-09-04 15:51:41,205 ] 73 root - INFO - Performed Train test split on Dataframe
[ 2024-09-04 15:51:41,205 ] 75 root - INFO - Done train test split on Dataframe
[ 2024-09-04 15:51:41,239 ] 90 root - INFO - Exporting train and test file path
[ 2024-09-04 15:51:41,239 ] 47 root - INFO - Data Ingestion Completed and artifact :DataIngestionArtifact(trained_file_path='Artifacts/09_04_2024_15_51_38/NetworkData/ingested/train.csv', test_file_path='Artifacts/09_04_2024_15_51_38/NetworkData/ingested/test.csv')
[ 2024-09-04 15:51:41,251 ] 29 root - INFO - Required number of Columns:31
[ 2024-09-04 15:51:41,251 ] 30 root - INFO - Dataframe has columns:31
[ 2024-09-04 15:51:41,334 ] 141 root - INFO - Data Validation Artifact:DataValidationArtifact(validation_status=True, valid_train_file_path='Artifacts/09_04_2024_15_51_38/NetworkData/ingested/train.csv', valid_test_file_path='Artifacts/09_04_2024_15_51_38/NetworkData/ingested/test.csv', invalid_train_file_path=None, invalid_test_file_path=None, drift_report_file_path='Artifacts/09_04_2024_15_51_38/data_validation/drift_report/report.yaml')
[ 2024-09-04 15:51:41,334 ] 58 root - INFO - Data Validation Completed and artifact :DataValidationArtifact(validation_status=True, valid_train_file_path='Artifacts/09_04_2024_15_51_38/NetworkData/ingested/train.csv', valid_test_file_path='Artifacts/09_04_2024_15_51_38/NetworkData/ingested/test.csv', invalid_train_file_path=None, invalid_test_file_path=None, drift_report_file_path='Artifacts/09_04_2024_15_51_38/data_validation/drift_report/report.yaml')
[ 2024-09-04 15:51:41,334 ] 82 root - INFO - Entered initiate_data_transformation method of Datatransformation class
[ 2024-09-04 15:51:41,334 ] 84 root - INFO - Started Data Transformation
[ 2024-09-04 15:51:41,342 ] 66 root - INFO - Initialize KNNImputer with {'missing_values': nan, 'n_neighbors': 3, 'weights': 'uniform'}
[ 2024-09-04 15:51:41,343 ] 72 root - INFO - Exited get_data_transformer object method of DataTransformation class
[ 2024-09-04 15:51:41,343 ] 91 root - INFO - Got the Preprocessor object
[ 2024-09-04 15:51:41,353 ] 62 root - INFO - Entered the save_object method of MainUtils class
[ 2024-09-04 15:51:41,354 ] 66 root - INFO - Exited the save_object method of MainUtils class
[ 2024-09-04 15:51:41,354 ] 126 root - INFO - Data transformation artifact:DataTransformationArtifact(transformed_object_file_path='Artifacts/09_04_2024_15_51_38/data_transformation/transformed_object/preprocessing.pkl', transformed_train_file_path='Artifacts/09_04_2024_15_51_38/data_transformation/transformed/train.npy', transformed_test_file_path='Artifacts/09_04_2024_15_51_38/data_transformation/transformed/test.npy')
[ 2024-09-04 15:51:41,460 ] 62 root - INFO - Entered the save_object method of MainUtils class
[ 2024-09-04 15:51:41,464 ] 66 root - INFO - Exited the save_object method of MainUtils class
[ 2024-09-04 15:51:41,464 ] 76 root - INFO - Model Trainer artifact:ModelTrainerArtifact(trained_model_file_path='Artifacts/09_04_2024_15_51_38/model_trainer/trained_model/model.pkl', train_metric_artifact=ClassificationMetricArtifact(f1_score=0.9864144107879642, precision_score=0.9821643286573146, recall_score=0.9907014352132606), test_metric_artifact=ClassificationMetricArtifact(f1_score=0.9864144107879642, precision_score=0.9821643286573146, recall_score=0.9907014352132606))
[ 2024-09-04 15:51:41,514 ] 102 root - INFO - Model evaluation artifact: ModelEvaluationArtifact(is_model_accepted=False, improved_accuracy=0.0011322280630812198, best_model_path='saved_models/1725445099/model.pkl', trained_model_path='Artifacts/09_04_2024_15_51_38/model_trainer/trained_model/model.pkl', train_model_metric_artifact=ClassificationMetricArtifact(f1_score=0.9850384148807116, precision_score=0.9809922680412371, recall_score=0.9891180769855449), best_model_metric_artifact=ClassificationMetricArtifact(f1_score=0.9839061868176304, precision_score=0.9798646907216495, recall_score=0.9879811596556765))
