[ 2024-08-29 13:12:48,147 ] 161 numexpr.utils - INFO - NumExpr defaulting to 8 threads.
[ 2024-08-29 13:12:50,021 ] 12 root - INFO - Training has Started
[ 2024-08-29 13:12:50,021 ] 41 root - INFO - Start the Data Ingestion
[ 2024-08-29 13:13:11,560 ] 73 root - INFO - Performed Train test split on Dataframe
[ 2024-08-29 13:13:11,561 ] 75 root - INFO - Done train test split on Dataframe
[ 2024-08-29 13:13:11,600 ] 90 root - INFO - Exporting train and test file path
[ 2024-08-29 13:13:11,601 ] 44 root - INFO - Data Ingestion Completed and artifact :DataIngestionArtifact(trained_file_path='Artifacts/08_29_2024_13_12_48/NetworkData/ingested/train.csv', test_file_path='Artifacts/08_29_2024_13_12_48/NetworkData/ingested/test.csv')
[ 2024-08-29 13:13:11,618 ] 29 root - INFO - Required number of Columns:31
[ 2024-08-29 13:13:11,618 ] 30 root - INFO - Dataframe has columns:31
[ 2024-08-29 13:13:11,716 ] 141 root - INFO - Data Validation Artifact:DataValidationArtifact(validation_status=True, valid_train_file_path='Artifacts/08_29_2024_13_12_48/NetworkData/ingested/train.csv', valid_test_file_path='Artifacts/08_29_2024_13_12_48/NetworkData/ingested/test.csv', invalid_train_file_path=None, invalid_test_file_path=None, drift_report_file_path='Artifacts/08_29_2024_13_12_48/data_validation/drift_report/report.yaml')
[ 2024-08-29 13:13:11,716 ] 55 root - INFO - Data Validation Completed and artifact :DataValidationArtifact(validation_status=True, valid_train_file_path='Artifacts/08_29_2024_13_12_48/NetworkData/ingested/train.csv', valid_test_file_path='Artifacts/08_29_2024_13_12_48/NetworkData/ingested/test.csv', invalid_train_file_path=None, invalid_test_file_path=None, drift_report_file_path='Artifacts/08_29_2024_13_12_48/data_validation/drift_report/report.yaml')
[ 2024-08-29 13:13:11,716 ] 82 root - INFO - Entered initiate_data_transformation method of Datatransformation class
[ 2024-08-29 13:13:11,716 ] 84 root - INFO - Started Data Transformation
[ 2024-08-29 13:13:11,726 ] 66 root - INFO - Initialize KNNImputer with {'missing_values': nan, 'n_neighbors': 3, 'weights': 'uniform'}
[ 2024-08-29 13:13:11,726 ] 72 root - INFO - Exited get_data_transformer object method of DataTransformation class
[ 2024-08-29 13:13:11,726 ] 91 root - INFO - Got the Preprocessor object
[ 2024-08-29 13:13:11,734 ] 62 root - INFO - Entered the save_object method of MainUtils class
[ 2024-08-29 13:13:11,738 ] 66 root - INFO - Exited the save_object method of MainUtils class
[ 2024-08-29 13:13:11,738 ] 126 root - INFO - Data transformation artifact:DataTransformationArtifact(transformed_object_file_path='Artifacts/08_29_2024_13_12_48/data_transformation/transformed_object/preprocessing.pkl', transformed_train_file_path='Artifacts/08_29_2024_13_12_48/data_transformation/transformed/train.npy', transformed_test_file_path='Artifacts/08_29_2024_13_12_48/data_transformation/transformed/test.npy')
[ 2024-08-29 13:13:11,875 ] 62 root - INFO - Entered the save_object method of MainUtils class
[ 2024-08-29 13:13:11,878 ] 66 root - INFO - Exited the save_object method of MainUtils class
[ 2024-08-29 13:13:11,878 ] 76 root - INFO - Model Trainer artifact:ModelTrainerArtifact(trained_model_file_path='Artifacts/08_29_2024_13_12_48/model_trainer/trained_model/model.pkl', train_metric_artifact=ClassificationMetricArtifact(f1_score=0.9874188311688312, precision_score=0.9842233009708737, recall_score=0.9906351791530945), test_metric_artifact=ClassificationMetricArtifact(f1_score=0.9874188311688312, precision_score=0.9842233009708737, recall_score=0.9906351791530945))
[ 2024-08-29 13:13:11,899 ] 60 root - INFO - Model evaluation artifact: ModelEvaluationArtifact(is_model_accepted=True, improved_accuracy=None, best_model_path=None, trained_model_path='Artifacts/08_29_2024_13_12_48/model_trainer/trained_model/model.pkl', train_model_metric_artifact=ClassificationMetricArtifact(f1_score=0.9874188311688312, precision_score=0.9842233009708737, recall_score=0.9906351791530945), best_model_metric_artifact=None)
