[ 2024-08-30 12:15:07,532 ] 161 numexpr.utils - INFO - NumExpr defaulting to 8 threads.
[ 2024-08-30 12:15:08,319 ] 12 root - INFO - Training has Started
[ 2024-08-30 12:15:08,319 ] 42 root - INFO - Start the Data Ingestion
[ 2024-08-30 12:15:11,203 ] 73 root - INFO - Performed Train test split on Dataframe
[ 2024-08-30 12:15:11,203 ] 75 root - INFO - Done train test split on Dataframe
[ 2024-08-30 12:15:11,236 ] 90 root - INFO - Exporting train and test file path
[ 2024-08-30 12:15:11,236 ] 45 root - INFO - Data Ingestion Completed and artifact :DataIngestionArtifact(trained_file_path='Artifacts/08_30_2024_12_15_07/NetworkData/ingested/train.csv', test_file_path='Artifacts/08_30_2024_12_15_07/NetworkData/ingested/test.csv')
[ 2024-08-30 12:15:11,248 ] 29 root - INFO - Required number of Columns:31
[ 2024-08-30 12:15:11,248 ] 30 root - INFO - Dataframe has columns:31
[ 2024-08-30 12:15:11,335 ] 141 root - INFO - Data Validation Artifact:DataValidationArtifact(validation_status=True, valid_train_file_path='Artifacts/08_30_2024_12_15_07/NetworkData/ingested/train.csv', valid_test_file_path='Artifacts/08_30_2024_12_15_07/NetworkData/ingested/test.csv', invalid_train_file_path=None, invalid_test_file_path=None, drift_report_file_path='Artifacts/08_30_2024_12_15_07/data_validation/drift_report/report.yaml')
[ 2024-08-30 12:15:11,335 ] 56 root - INFO - Data Validation Completed and artifact :DataValidationArtifact(validation_status=True, valid_train_file_path='Artifacts/08_30_2024_12_15_07/NetworkData/ingested/train.csv', valid_test_file_path='Artifacts/08_30_2024_12_15_07/NetworkData/ingested/test.csv', invalid_train_file_path=None, invalid_test_file_path=None, drift_report_file_path='Artifacts/08_30_2024_12_15_07/data_validation/drift_report/report.yaml')
[ 2024-08-30 12:15:11,335 ] 82 root - INFO - Entered initiate_data_transformation method of Datatransformation class
[ 2024-08-30 12:15:11,335 ] 84 root - INFO - Started Data Transformation
[ 2024-08-30 12:15:11,344 ] 66 root - INFO - Initialize KNNImputer with {'missing_values': nan, 'n_neighbors': 3, 'weights': 'uniform'}
[ 2024-08-30 12:15:11,344 ] 72 root - INFO - Exited get_data_transformer object method of DataTransformation class
[ 2024-08-30 12:15:11,344 ] 91 root - INFO - Got the Preprocessor object
[ 2024-08-30 12:15:11,354 ] 62 root - INFO - Entered the save_object method of MainUtils class
[ 2024-08-30 12:15:11,355 ] 66 root - INFO - Exited the save_object method of MainUtils class
[ 2024-08-30 12:15:11,355 ] 126 root - INFO - Data transformation artifact:DataTransformationArtifact(transformed_object_file_path='Artifacts/08_30_2024_12_15_07/data_transformation/transformed_object/preprocessing.pkl', transformed_train_file_path='Artifacts/08_30_2024_12_15_07/data_transformation/transformed/train.npy', transformed_test_file_path='Artifacts/08_30_2024_12_15_07/data_transformation/transformed/test.npy')
[ 2024-08-30 12:15:11,470 ] 62 root - INFO - Entered the save_object method of MainUtils class
[ 2024-08-30 12:15:11,473 ] 66 root - INFO - Exited the save_object method of MainUtils class
[ 2024-08-30 12:15:11,473 ] 76 root - INFO - Model Trainer artifact:ModelTrainerArtifact(trained_model_file_path='Artifacts/08_30_2024_12_15_07/model_trainer/trained_model/model.pkl', train_metric_artifact=ClassificationMetricArtifact(f1_score=0.9872417982989065, precision_score=0.9846495657442941, recall_score=0.9898477157360406), test_metric_artifact=ClassificationMetricArtifact(f1_score=0.9872417982989065, precision_score=0.9846495657442941, recall_score=0.9898477157360406))
[ 2024-08-30 12:15:11,485 ] 60 root - INFO - Model evaluation artifact: ModelEvaluationArtifact(is_model_accepted=True, improved_accuracy=None, best_model_path=None, trained_model_path='Artifacts/08_30_2024_12_15_07/model_trainer/trained_model/model.pkl', train_model_metric_artifact=ClassificationMetricArtifact(f1_score=0.9872417982989065, precision_score=0.9846495657442941, recall_score=0.9898477157360406), best_model_metric_artifact=None)
