[ 2024-09-04 15:48:14,760 ] 161 numexpr.utils - INFO - NumExpr defaulting to 8 threads.
[ 2024-09-04 15:48:15,577 ] 12 root - INFO - Training has Started
[ 2024-09-04 15:48:15,577 ] 44 root - INFO - Start the Data Ingestion
[ 2024-09-04 15:48:18,737 ] 73 root - INFO - Performed Train test split on Dataframe
[ 2024-09-04 15:48:18,737 ] 75 root - INFO - Done train test split on Dataframe
[ 2024-09-04 15:48:18,770 ] 90 root - INFO - Exporting train and test file path
[ 2024-09-04 15:48:18,770 ] 47 root - INFO - Data Ingestion Completed and artifact :DataIngestionArtifact(trained_file_path='Artifacts/09_04_2024_15_48_14/NetworkData/ingested/train.csv', test_file_path='Artifacts/09_04_2024_15_48_14/NetworkData/ingested/test.csv')
[ 2024-09-04 15:48:18,783 ] 29 root - INFO - Required number of Columns:31
[ 2024-09-04 15:48:18,783 ] 30 root - INFO - Dataframe has columns:31
[ 2024-09-04 15:48:18,863 ] 141 root - INFO - Data Validation Artifact:DataValidationArtifact(validation_status=True, valid_train_file_path='Artifacts/09_04_2024_15_48_14/NetworkData/ingested/train.csv', valid_test_file_path='Artifacts/09_04_2024_15_48_14/NetworkData/ingested/test.csv', invalid_train_file_path=None, invalid_test_file_path=None, drift_report_file_path='Artifacts/09_04_2024_15_48_14/data_validation/drift_report/report.yaml')
[ 2024-09-04 15:48:18,863 ] 58 root - INFO - Data Validation Completed and artifact :DataValidationArtifact(validation_status=True, valid_train_file_path='Artifacts/09_04_2024_15_48_14/NetworkData/ingested/train.csv', valid_test_file_path='Artifacts/09_04_2024_15_48_14/NetworkData/ingested/test.csv', invalid_train_file_path=None, invalid_test_file_path=None, drift_report_file_path='Artifacts/09_04_2024_15_48_14/data_validation/drift_report/report.yaml')
[ 2024-09-04 15:48:18,863 ] 82 root - INFO - Entered initiate_data_transformation method of Datatransformation class
[ 2024-09-04 15:48:18,863 ] 84 root - INFO - Started Data Transformation
[ 2024-09-04 15:48:18,872 ] 66 root - INFO - Initialize KNNImputer with {'missing_values': nan, 'n_neighbors': 3, 'weights': 'uniform'}
[ 2024-09-04 15:48:18,872 ] 72 root - INFO - Exited get_data_transformer object method of DataTransformation class
[ 2024-09-04 15:48:18,872 ] 91 root - INFO - Got the Preprocessor object
[ 2024-09-04 15:48:18,881 ] 62 root - INFO - Entered the save_object method of MainUtils class
[ 2024-09-04 15:48:18,885 ] 66 root - INFO - Exited the save_object method of MainUtils class
[ 2024-09-04 15:48:18,885 ] 126 root - INFO - Data transformation artifact:DataTransformationArtifact(transformed_object_file_path='Artifacts/09_04_2024_15_48_14/data_transformation/transformed_object/preprocessing.pkl', transformed_train_file_path='Artifacts/09_04_2024_15_48_14/data_transformation/transformed/train.npy', transformed_test_file_path='Artifacts/09_04_2024_15_48_14/data_transformation/transformed/test.npy')
[ 2024-09-04 15:48:18,985 ] 62 root - INFO - Entered the save_object method of MainUtils class
[ 2024-09-04 15:48:18,987 ] 66 root - INFO - Exited the save_object method of MainUtils class
[ 2024-09-04 15:48:18,987 ] 76 root - INFO - Model Trainer artifact:ModelTrainerArtifact(trained_model_file_path='Artifacts/09_04_2024_15_48_14/model_trainer/trained_model/model.pkl', train_metric_artifact=ClassificationMetricArtifact(f1_score=0.9868686868686869, precision_score=0.9834910408697403, recall_score=0.9902696128116765), test_metric_artifact=ClassificationMetricArtifact(f1_score=0.9868686868686869, precision_score=0.9834910408697403, recall_score=0.9902696128116765))
[ 2024-09-04 15:48:19,047 ] 102 root - INFO - Model evaluation artifact: ModelEvaluationArtifact(is_model_accepted=False, improved_accuracy=-0.001277199143020491, best_model_path='saved_models/1725000311/model.pkl', trained_model_path='Artifacts/09_04_2024_15_48_14/model_trainer/trained_model/model.pkl', train_model_metric_artifact=ClassificationMetricArtifact(f1_score=0.9839061868176304, precision_score=0.9798646907216495, recall_score=0.9879811596556765), best_model_metric_artifact=ClassificationMetricArtifact(f1_score=0.9851833859606509, precision_score=0.9822408782692928, recall_score=0.9881435764170863))
