[ 2024-09-04 16:24:08,047 ] 161 numexpr.utils - INFO - NumExpr defaulting to 8 threads.
[ 2024-09-04 16:24:08,899 ] 12 root - INFO - Training has Started
[ 2024-09-04 16:24:08,899 ] 47 root - INFO - Start the Data Ingestion
[ 2024-09-04 16:24:10,974 ] 73 root - INFO - Performed Train test split on Dataframe
[ 2024-09-04 16:24:10,975 ] 75 root - INFO - Done train test split on Dataframe
[ 2024-09-04 16:24:11,008 ] 90 root - INFO - Exporting train and test file path
[ 2024-09-04 16:24:11,008 ] 50 root - INFO - Data Ingestion Completed and artifact :DataIngestionArtifact(trained_file_path='Artifacts/09_04_2024_16_24_08/NetworkData/ingested/train.csv', test_file_path='Artifacts/09_04_2024_16_24_08/NetworkData/ingested/test.csv')
[ 2024-09-04 16:24:11,020 ] 29 root - INFO - Required number of Columns:31
[ 2024-09-04 16:24:11,021 ] 30 root - INFO - Dataframe has columns:31
[ 2024-09-04 16:24:11,117 ] 141 root - INFO - Data Validation Artifact:DataValidationArtifact(validation_status=True, valid_train_file_path='Artifacts/09_04_2024_16_24_08/NetworkData/ingested/train.csv', valid_test_file_path='Artifacts/09_04_2024_16_24_08/NetworkData/ingested/test.csv', invalid_train_file_path=None, invalid_test_file_path=None, drift_report_file_path='Artifacts/09_04_2024_16_24_08/data_validation/drift_report/report.yaml')
[ 2024-09-04 16:24:11,117 ] 61 root - INFO - Data Validation Completed and artifact :DataValidationArtifact(validation_status=True, valid_train_file_path='Artifacts/09_04_2024_16_24_08/NetworkData/ingested/train.csv', valid_test_file_path='Artifacts/09_04_2024_16_24_08/NetworkData/ingested/test.csv', invalid_train_file_path=None, invalid_test_file_path=None, drift_report_file_path='Artifacts/09_04_2024_16_24_08/data_validation/drift_report/report.yaml')
[ 2024-09-04 16:24:11,117 ] 82 root - INFO - Entered initiate_data_transformation method of Datatransformation class
[ 2024-09-04 16:24:11,117 ] 84 root - INFO - Started Data Transformation
[ 2024-09-04 16:24:11,125 ] 66 root - INFO - Initialize KNNImputer with {'missing_values': nan, 'n_neighbors': 3, 'weights': 'uniform'}
[ 2024-09-04 16:24:11,125 ] 72 root - INFO - Exited get_data_transformer object method of DataTransformation class
[ 2024-09-04 16:24:11,125 ] 91 root - INFO - Got the Preprocessor object
[ 2024-09-04 16:24:11,136 ] 62 root - INFO - Entered the save_object method of MainUtils class
[ 2024-09-04 16:24:11,141 ] 66 root - INFO - Exited the save_object method of MainUtils class
[ 2024-09-04 16:24:11,141 ] 126 root - INFO - Data transformation artifact:DataTransformationArtifact(transformed_object_file_path='Artifacts/09_04_2024_16_24_08/data_transformation/transformed_object/preprocessing.pkl', transformed_train_file_path='Artifacts/09_04_2024_16_24_08/data_transformation/transformed/train.npy', transformed_test_file_path='Artifacts/09_04_2024_16_24_08/data_transformation/transformed/test.npy')
[ 2024-09-04 16:24:11,249 ] 62 root - INFO - Entered the save_object method of MainUtils class
[ 2024-09-04 16:24:11,252 ] 66 root - INFO - Exited the save_object method of MainUtils class
[ 2024-09-04 16:24:11,253 ] 76 root - INFO - Model Trainer artifact:ModelTrainerArtifact(trained_model_file_path='Artifacts/09_04_2024_16_24_08/model_trainer/trained_model/model.pkl', train_metric_artifact=ClassificationMetricArtifact(f1_score=0.9861025955446556, precision_score=0.9836901121304791, recall_score=0.9885269412005736), test_metric_artifact=ClassificationMetricArtifact(f1_score=0.9861025955446556, precision_score=0.9836901121304791, recall_score=0.9885269412005736))
[ 2024-09-04 16:24:11,312 ] 102 root - INFO - Model evaluation artifact: ModelEvaluationArtifact(is_model_accepted=False, improved_accuracy=-0.0003759808589648417, best_model_path='saved_models/1725446926/model.pkl', trained_model_path='Artifacts/09_04_2024_16_24_08/model_trainer/trained_model/model.pkl', train_model_metric_artifact=ClassificationMetricArtifact(f1_score=0.9839546191247974, precision_score=0.9818858159469513, recall_score=0.9860321585187591), best_model_metric_artifact=ClassificationMetricArtifact(f1_score=0.9843305999837623, precision_score=0.9840909090909091, recall_score=0.9845704076660712))
