[ 2024-09-04 16:12:21,663 ] 161 numexpr.utils - INFO - NumExpr defaulting to 8 threads.
[ 2024-09-04 16:12:22,471 ] 12 root - INFO - Training has Started
[ 2024-09-04 16:12:22,471 ] 47 root - INFO - Start the Data Ingestion
[ 2024-09-04 16:12:25,182 ] 73 root - INFO - Performed Train test split on Dataframe
[ 2024-09-04 16:12:25,182 ] 75 root - INFO - Done train test split on Dataframe
[ 2024-09-04 16:12:25,214 ] 90 root - INFO - Exporting train and test file path
[ 2024-09-04 16:12:25,214 ] 50 root - INFO - Data Ingestion Completed and artifact :DataIngestionArtifact(trained_file_path='Artifacts/09_04_2024_16_12_21/NetworkData/ingested/train.csv', test_file_path='Artifacts/09_04_2024_16_12_21/NetworkData/ingested/test.csv')
[ 2024-09-04 16:12:25,228 ] 29 root - INFO - Required number of Columns:31
[ 2024-09-04 16:12:25,228 ] 30 root - INFO - Dataframe has columns:31
[ 2024-09-04 16:12:25,311 ] 141 root - INFO - Data Validation Artifact:DataValidationArtifact(validation_status=True, valid_train_file_path='Artifacts/09_04_2024_16_12_21/NetworkData/ingested/train.csv', valid_test_file_path='Artifacts/09_04_2024_16_12_21/NetworkData/ingested/test.csv', invalid_train_file_path=None, invalid_test_file_path=None, drift_report_file_path='Artifacts/09_04_2024_16_12_21/data_validation/drift_report/report.yaml')
[ 2024-09-04 16:12:25,311 ] 61 root - INFO - Data Validation Completed and artifact :DataValidationArtifact(validation_status=True, valid_train_file_path='Artifacts/09_04_2024_16_12_21/NetworkData/ingested/train.csv', valid_test_file_path='Artifacts/09_04_2024_16_12_21/NetworkData/ingested/test.csv', invalid_train_file_path=None, invalid_test_file_path=None, drift_report_file_path='Artifacts/09_04_2024_16_12_21/data_validation/drift_report/report.yaml')
[ 2024-09-04 16:12:25,311 ] 82 root - INFO - Entered initiate_data_transformation method of Datatransformation class
[ 2024-09-04 16:12:25,311 ] 84 root - INFO - Started Data Transformation
[ 2024-09-04 16:12:25,320 ] 66 root - INFO - Initialize KNNImputer with {'missing_values': nan, 'n_neighbors': 3, 'weights': 'uniform'}
[ 2024-09-04 16:12:25,320 ] 72 root - INFO - Exited get_data_transformer object method of DataTransformation class
[ 2024-09-04 16:12:25,320 ] 91 root - INFO - Got the Preprocessor object
[ 2024-09-04 16:12:25,329 ] 62 root - INFO - Entered the save_object method of MainUtils class
[ 2024-09-04 16:12:25,334 ] 66 root - INFO - Exited the save_object method of MainUtils class
[ 2024-09-04 16:12:25,334 ] 126 root - INFO - Data transformation artifact:DataTransformationArtifact(transformed_object_file_path='Artifacts/09_04_2024_16_12_21/data_transformation/transformed_object/preprocessing.pkl', transformed_train_file_path='Artifacts/09_04_2024_16_12_21/data_transformation/transformed/train.npy', transformed_test_file_path='Artifacts/09_04_2024_16_12_21/data_transformation/transformed/test.npy')
[ 2024-09-04 16:12:25,441 ] 62 root - INFO - Entered the save_object method of MainUtils class
[ 2024-09-04 16:12:25,445 ] 66 root - INFO - Exited the save_object method of MainUtils class
[ 2024-09-04 16:12:25,445 ] 76 root - INFO - Model Trainer artifact:ModelTrainerArtifact(trained_model_file_path='Artifacts/09_04_2024_16_12_21/model_trainer/trained_model/model.pkl', train_metric_artifact=ClassificationMetricArtifact(f1_score=0.9874315832150821, precision_score=0.9830474268415742, recall_score=0.9918550193443291), test_metric_artifact=ClassificationMetricArtifact(f1_score=0.9874315832150821, precision_score=0.9830474268415742, recall_score=0.9918550193443291))
[ 2024-09-04 16:12:25,514 ] 102 root - INFO - Model evaluation artifact: ModelEvaluationArtifact(is_model_accepted=False, improved_accuracy=-0.0004623096129248161, best_model_path='saved_models/1725446082/model.pkl', trained_model_path='Artifacts/09_04_2024_16_12_21/model_trainer/trained_model/model.pkl', train_model_metric_artifact=ClassificationMetricArtifact(f1_score=0.9836569579288026, precision_score=0.9800096727389973, recall_score=0.9873314926100374), best_model_metric_artifact=ClassificationMetricArtifact(f1_score=0.9841192675417274, precision_score=0.9818916734033953, recall_score=0.9863569920415787))
